0 info it worked if it ends with ok
1 verbose cli [ '/usr/local/bin/node',
1 verbose cli   '/usr/local/bin/npm',
1 verbose cli   'install',
1 verbose cli   'gitbook-plugin-gitbookcode' ]
2 info using npm@2.14.7
3 info using node@v4.2.1
4 verbose install initial load of /Users/panzhenglian/gitbook/kekenet/package.json
5 verbose installManyTop reading scoped package data from /Users/panzhenglian/gitbook/kekenet/node_modules/gitbook/package.json
6 verbose installManyTop reading scoped package data from /Users/panzhenglian/gitbook/kekenet/node_modules/gitbook-plugin-tree/package.json
7 verbose readDependencies loading dependencies from /Users/panzhenglian/gitbook/kekenet/package.json
8 silly cache add args [ 'gitbook-plugin-gitbookcode', null ]
9 verbose cache add spec gitbook-plugin-gitbookcode
10 silly cache add parsed spec Result {
10 silly cache add   raw: 'gitbook-plugin-gitbookcode',
10 silly cache add   scope: null,
10 silly cache add   name: 'gitbook-plugin-gitbookcode',
10 silly cache add   rawSpec: '',
10 silly cache add   spec: '*',
10 silly cache add   type: 'range' }
11 silly addNamed gitbook-plugin-gitbookcode@*
12 verbose addNamed "*" is a valid semver range for gitbook-plugin-gitbookcode
13 silly addNameRange { name: 'gitbook-plugin-gitbookcode',
13 silly addNameRange   range: '*',
13 silly addNameRange   hasData: false }
14 silly mapToRegistry name gitbook-plugin-gitbookcode
15 silly mapToRegistry using default registry
16 silly mapToRegistry registry https://registry.npmjs.org/
17 silly mapToRegistry uri https://registry.npmjs.org/gitbook-plugin-gitbookcode
18 verbose addNameRange registry:https://registry.npmjs.org/gitbook-plugin-gitbookcode not in flight; fetching
19 verbose request uri https://registry.npmjs.org/gitbook-plugin-gitbookcode
20 verbose request no auth needed
21 info attempt registry request try #1 at 01:22:53
22 verbose request id aac4c16f7de720d9
23 http request GET https://registry.npmjs.org/gitbook-plugin-gitbookcode
24 http 404 https://registry.npmjs.org/gitbook-plugin-gitbookcode
25 verbose headers { 'content-type': 'application/json',
25 verbose headers   'cache-control': 'max-age=0',
25 verbose headers   'content-length': '2',
25 verbose headers   'accept-ranges': 'bytes',
25 verbose headers   date: 'Thu, 29 Oct 2015 17:22:54 GMT',
25 verbose headers   via: '1.1 varnish',
25 verbose headers   connection: 'keep-alive',
25 verbose headers   'x-served-by': 'cache-itm7426-ITM',
25 verbose headers   'x-cache': 'MISS',
25 verbose headers   'x-cache-hits': '0',
25 verbose headers   'x-timer': 'S1446139373.857958,VS0,VE744' }
26 silly get cb [ 404,
26 silly get   { 'content-type': 'application/json',
26 silly get     'cache-control': 'max-age=0',
26 silly get     'content-length': '2',
26 silly get     'accept-ranges': 'bytes',
26 silly get     date: 'Thu, 29 Oct 2015 17:22:54 GMT',
26 silly get     via: '1.1 varnish',
26 silly get     connection: 'keep-alive',
26 silly get     'x-served-by': 'cache-itm7426-ITM',
26 silly get     'x-cache': 'MISS',
26 silly get     'x-cache-hits': '0',
26 silly get     'x-timer': 'S1446139373.857958,VS0,VE744' } ]
27 verbose stack Error: Registry returned 404 for GET on https://registry.npmjs.org/gitbook-plugin-gitbookcode
27 verbose stack     at makeError (/usr/local/lib/node_modules/npm/node_modules/npm-registry-client/lib/request.js:264:12)
27 verbose stack     at CachingRegistryClient.<anonymous> (/usr/local/lib/node_modules/npm/node_modules/npm-registry-client/lib/request.js:242:14)
27 verbose stack     at Request._callback (/usr/local/lib/node_modules/npm/node_modules/npm-registry-client/lib/request.js:172:14)
27 verbose stack     at Request.self.callback (/usr/local/lib/node_modules/npm/node_modules/request/request.js:198:22)
27 verbose stack     at emitTwo (events.js:87:13)
27 verbose stack     at Request.emit (events.js:172:7)
27 verbose stack     at Request.<anonymous> (/usr/local/lib/node_modules/npm/node_modules/request/request.js:1063:14)
27 verbose stack     at emitOne (events.js:82:20)
27 verbose stack     at Request.emit (events.js:169:7)
27 verbose stack     at IncomingMessage.<anonymous> (/usr/local/lib/node_modules/npm/node_modules/request/request.js:1009:12)
28 verbose statusCode 404
29 verbose pkgid gitbook-plugin-gitbookcode
30 verbose cwd /Users/panzhenglian/gitbook/kekenet
31 error Darwin 15.0.0
32 error argv "/usr/local/bin/node" "/usr/local/bin/npm" "install" "gitbook-plugin-gitbookcode"
33 error node v4.2.1
34 error npm  v2.14.7
35 error code E404
36 error 404 Registry returned 404 for GET on https://registry.npmjs.org/gitbook-plugin-gitbookcode
36 error 404
36 error 404 'gitbook-plugin-gitbookcode' is not in the npm registry.
36 error 404 You should bug the author to publish it (or use the name yourself!)
36 error 404
36 error 404 Note that you can also install from a
36 error 404 tarball, folder, http url, or git url.
37 verbose exit [ 1, true ]
